<?xml version="1.0" encoding="UTF-8"?>
<!-- Generated by org.testng.reporters.JUnitReportReporter -->
<testsuite hostname="LAPTOP-L36TRD7L" failures="0" tests="1" name="utilites.Test1" time="25.646" errors="0" timestamp="2022-08-13T10:44:19 IST" skipped="0">
  <testcase classname="utilites.Test1" name="macc" time="25.646"/>
  <system-out/>
</testsuite> <!-- utilites.Test1 -->
